mode: set
C:\Users\Nassima\Desktop\estimateurpi\estimateurPI.go:22.52,24.16 2 0
C:\Users\Nassima\Desktop\estimateurpi\estimateurPI.go:39.2,39.12 1 0
C:\Users\Nassima\Desktop\estimateurpi\estimateurPI.go:24.16,27.30 3 0
C:\Users\Nassima\Desktop\estimateurpi\estimateurPI.go:34.3,35.35 2 0
C:\Users\Nassima\Desktop\estimateurpi\estimateurPI.go:27.30,29.88 1 0
C:\Users\Nassima\Desktop\estimateurpi\estimateurPI.go:29.88,31.5 1 0
C:\Users\Nassima\Desktop\estimateurpi\estimateurPI.go:35.35,37.4 1 0
C:\Users\Nassima\Desktop\estimateurpi\estimateurPI.go:42.52,43.27 1 0
C:\Users\Nassima\Desktop\estimateurpi\estimateurPI.go:51.2,51.43 1 0
C:\Users\Nassima\Desktop\estimateurpi\estimateurPI.go:43.27,46.17 3 0
C:\Users\Nassima\Desktop\estimateurpi\estimateurPI.go:49.3,49.13 1 0
C:\Users\Nassima\Desktop\estimateurpi\estimateurPI.go:46.17,47.39 1 0
C:\Users\Nassima\Desktop\estimateurpi\estimateurPI.go:55.32,58.41 3 1
C:\Users\Nassima\Desktop\estimateurpi\estimateurPI.go:66.2,66.20 1 1
C:\Users\Nassima\Desktop\estimateurpi\estimateurPI.go:58.41,61.32 2 1
C:\Users\Nassima\Desktop\estimateurpi\estimateurPI.go:61.32,63.4 1 1
C:\Users\Nassima\Desktop\estimateurpi\estimateurPI.go:69.63,70.29 1 0
C:\Users\Nassima\Desktop\estimateurpi\estimateurPI.go:70.29,73.3 1 0
C:\Users\Nassima\Desktop\estimateurpi\estimateurPI.go:73.8,75.3 1 0
C:\Users\Nassima\Desktop\estimateurpi\estimateurPI.go:80.41,82.26 2 1
C:\Users\Nassima\Desktop\estimateurpi\estimateurPI.go:91.2,91.10 1 1
C:\Users\Nassima\Desktop\estimateurpi\estimateurPI.go:82.26,83.21 1 1
C:\Users\Nassima\Desktop\estimateurpi\estimateurPI.go:83.21,85.4 1 1
C:\Users\Nassima\Desktop\estimateurpi\estimateurPI.go:85.9,89.4 3 1
C:\Users\Nassima\Desktop\estimateurpi\estimateurPI.go:94.49,95.22 1 1
C:\Users\Nassima\Desktop\estimateurpi\estimateurPI.go:98.2,98.22 1 1
C:\Users\Nassima\Desktop\estimateurpi\estimateurPI.go:103.2,103.13 1 1
C:\Users\Nassima\Desktop\estimateurpi\estimateurPI.go:95.22,97.3 1 0
C:\Users\Nassima\Desktop\estimateurpi\estimateurPI.go:98.22,99.16 1 1
C:\Users\Nassima\Desktop\estimateurpi\estimateurPI.go:99.16,101.4 1 0
C:\Users\Nassima\Desktop\estimateurpi\estimateurPI.go:106.58,109.48 3 0
C:\Users\Nassima\Desktop\estimateurpi\estimateurPI.go:121.2,121.10 1 0
C:\Users\Nassima\Desktop\estimateurpi\estimateurPI.go:109.48,112.41 3 0
C:\Users\Nassima\Desktop\estimateurpi\estimateurPI.go:117.3,118.16 2 0
C:\Users\Nassima\Desktop\estimateurpi\estimateurPI.go:112.41,116.4 2 0
C:\Users\Nassima\Desktop\estimateurpi\estimateurPI.go:124.59,129.48 5 0
C:\Users\Nassima\Desktop\estimateurpi\estimateurPI.go:140.2,140.10 1 0
C:\Users\Nassima\Desktop\estimateurpi\estimateurPI.go:129.48,132.41 3 0
C:\Users\Nassima\Desktop\estimateurpi\estimateurPI.go:136.3,137.16 2 0
C:\Users\Nassima\Desktop\estimateurpi\estimateurPI.go:132.41,135.4 2 0
